#! /usr/bin/vvp
:ivl_version "11.0 (stable)";
:ivl_delay_selection "TYPICAL";
:vpi_time_precision - 12;
:vpi_module "/usr/lib/x86_64-linux-gnu/ivl/system.vpi";
:vpi_module "/usr/lib/x86_64-linux-gnu/ivl/vhdl_sys.vpi";
:vpi_module "/usr/lib/x86_64-linux-gnu/ivl/vhdl_textio.vpi";
:vpi_module "/usr/lib/x86_64-linux-gnu/ivl/v2005_math.vpi";
:vpi_module "/usr/lib/x86_64-linux-gnu/ivl/va_math.vpi";
S_0x562359a143a0 .scope module, "test" "test" 2 3;
 .timescale -9 -12;
v0x562359a8e2f0_0 .var "clk", 0 0;
v0x562359a8e3b0_0 .var "reset", 0 0;
S_0x562359a5d770 .scope module, "dut" "mips" 2 11, 3 4 0, S_0x562359a143a0;
 .timescale -9 -12;
    .port_info 0 /INPUT 1 "clock";
    .port_info 1 /INPUT 1 "reset";
    .port_info 2 /OUTPUT 32 "PCOut";
    .port_info 3 /OUTPUT 32 "ALUResultOut";
    .port_info 4 /OUTPUT 32 "MemOut";
L_0x562359a8e650 .functor BUFZ 32, v0x562359a87b70_0, C4<00000000000000000000000000000000>, C4<00000000000000000000000000000000>, C4<00000000000000000000000000000000>;
L_0x562359aa0690 .functor BUFZ 32, L_0x562359aa0550, C4<00000000000000000000000000000000>, C4<00000000000000000000000000000000>, C4<00000000000000000000000000000000>;
L_0x562359aa0900 .functor AND 1, L_0x562359aa0e90, L_0x562359aa10c0, C4<1>, C4<1>;
L_0x562359aa07a0 .functor AND 1, L_0x562359aa1020, L_0x562359aa0100, C4<1>, C4<1>;
L_0x562359aa1890 .functor NOT 1, L_0x562359aa0100, C4<0>, C4<0>, C4<0>;
L_0x562359aa1900 .functor AND 1, L_0x562359aa1750, L_0x562359aa1890, C4<1>, C4<1>;
L_0x562359aa1a00 .functor OR 1, L_0x562359aa07a0, L_0x562359aa1900, C4<0>, C4<0>;
L_0x562359aa1b10 .functor AND 1, v0x562359a851e0_0, L_0x562359aa1a00, C4<1>, C4<1>;
v0x562359a8a200_0 .net "ALUOp", 1 0, v0x562359a85020_0;  1 drivers
v0x562359a8a310_0 .net "ALUResultOut", 31 0, v0x562359a84990_0;  1 drivers
v0x562359a8a420_0 .net "ALUSrc", 0 0, v0x562359a85120_0;  1 drivers
v0x562359a8a4c0_0 .net "Branch", 0 0, v0x562359a851e0_0;  1 drivers
v0x562359a8a590_0 .net "ExtOp", 0 0, v0x562359a85280_0;  1 drivers
v0x562359a8a6d0_0 .net "JalEn", 0 0, v0x562359a85340_0;  1 drivers
v0x562359a8a770_0 .net "Jr", 0 0, v0x562359a85450_0;  1 drivers
v0x562359a8a810_0 .net "Jump", 0 0, v0x562359a85510_0;  1 drivers
v0x562359a8a8e0_0 .net "LuiEn", 0 0, v0x562359a855d0_0;  1 drivers
v0x562359a8a9b0_0 .net "MemOut", 31 0, L_0x562359aa0690;  1 drivers
v0x562359a8aa50_0 .net "MemRead", 0 0, v0x562359a85690_0;  1 drivers
v0x562359a8aaf0_0 .net "MemWrite", 0 0, v0x562359a85750_0;  1 drivers
v0x562359a8abe0_0 .net "MemtoReg", 0 0, v0x562359a85810_0;  1 drivers
v0x562359a8ac80_0 .net "PC", 31 0, v0x562359a87b70_0;  1 drivers
v0x562359a8ad70_0 .net "PCOut", 31 0, L_0x562359a8e650;  1 drivers
v0x562359a8ae10_0 .net "RegDst", 0 0, v0x562359a858d0_0;  1 drivers
v0x562359a8aeb0_0 .net "RegWrite", 0 0, v0x562359a85990_0;  1 drivers
v0x562359a8afa0_0 .net *"_ivl_11", 4 0, L_0x562359a8ebb0;  1 drivers
v0x562359a8b040_0 .net *"_ivl_12", 4 0, L_0x562359a8ec80;  1 drivers
L_0x7fba0e5a5378 .functor BUFT 1, C4<00000000000000000000000000000100>, C4<0>, C4<0>, C4<0>;
v0x562359a8b0e0_0 .net/2u *"_ivl_26", 31 0, L_0x7fba0e5a5378;  1 drivers
v0x562359a8b1c0_0 .net *"_ivl_31", 29 0, L_0x562359aa0860;  1 drivers
L_0x7fba0e5a53c0 .functor BUFT 1, C4<00>, C4<0>, C4<0>, C4<0>;
v0x562359a8b2a0_0 .net/2u *"_ivl_32", 1 0, L_0x7fba0e5a53c0;  1 drivers
v0x562359a8b380_0 .net *"_ivl_39", 5 0, L_0x562359aa0c70;  1 drivers
v0x562359a8b460_0 .net *"_ivl_41", 0 0, L_0x562359aa0d10;  1 drivers
v0x562359a8b520_0 .net *"_ivl_43", 0 0, L_0x562359aa0e90;  1 drivers
v0x562359a8b5e0_0 .net *"_ivl_45", 5 0, L_0x562359aa0f80;  1 drivers
L_0x7fba0e5a5408 .functor BUFT 1, C4<001000>, C4<0>, C4<0>, C4<0>;
v0x562359a8b6c0_0 .net/2u *"_ivl_46", 5 0, L_0x7fba0e5a5408;  1 drivers
v0x562359a8b7a0_0 .net *"_ivl_48", 0 0, L_0x562359aa10c0;  1 drivers
v0x562359a8b860_0 .net *"_ivl_53", 5 0, L_0x562359aa12a0;  1 drivers
L_0x7fba0e5a5450 .functor BUFT 1, C4<000100>, C4<0>, C4<0>, C4<0>;
v0x562359a8b940_0 .net/2u *"_ivl_54", 5 0, L_0x7fba0e5a5450;  1 drivers
v0x562359a8ba20_0 .net *"_ivl_56", 0 0, L_0x562359aa1020;  1 drivers
v0x562359a8bae0_0 .net *"_ivl_58", 0 0, L_0x562359aa07a0;  1 drivers
L_0x7fba0e5a5060 .functor BUFT 1, C4<11111>, C4<0>, C4<0>, C4<0>;
v0x562359a8bbc0_0 .net/2u *"_ivl_6", 4 0, L_0x7fba0e5a5060;  1 drivers
v0x562359a8beb0_0 .net *"_ivl_61", 5 0, L_0x562359aa14e0;  1 drivers
L_0x7fba0e5a5498 .functor BUFT 1, C4<000101>, C4<0>, C4<0>, C4<0>;
v0x562359a8bf90_0 .net/2u *"_ivl_62", 5 0, L_0x7fba0e5a5498;  1 drivers
v0x562359a8c070_0 .net *"_ivl_64", 0 0, L_0x562359aa1750;  1 drivers
v0x562359a8c130_0 .net *"_ivl_66", 0 0, L_0x562359aa1890;  1 drivers
v0x562359a8c210_0 .net *"_ivl_68", 0 0, L_0x562359aa1900;  1 drivers
v0x562359a8c2f0_0 .net *"_ivl_70", 0 0, L_0x562359aa1a00;  1 drivers
v0x562359a8c3d0_0 .net *"_ivl_75", 3 0, L_0x562359aa1c70;  1 drivers
v0x562359a8c4b0_0 .net *"_ivl_77", 25 0, L_0x562359aa1de0;  1 drivers
L_0x7fba0e5a54e0 .functor BUFT 1, C4<00>, C4<0>, C4<0>, C4<0>;
v0x562359a8c590_0 .net/2u *"_ivl_78", 1 0, L_0x7fba0e5a54e0;  1 drivers
v0x562359a8c670_0 .net *"_ivl_80", 31 0, L_0x562359aa1e80;  1 drivers
v0x562359a8c750_0 .net *"_ivl_82", 31 0, L_0x562359aa20f0;  1 drivers
v0x562359a8c830_0 .net *"_ivl_84", 31 0, L_0x562359aa21e0;  1 drivers
v0x562359a8c910_0 .net *"_ivl_89", 15 0, L_0x562359aa2680;  1 drivers
v0x562359a8c9f0_0 .net *"_ivl_9", 4 0, L_0x562359a8eb10;  1 drivers
L_0x7fba0e5a5528 .functor BUFT 1, C4<0000000000000000>, C4<0>, C4<0>, C4<0>;
v0x562359a8cad0_0 .net/2u *"_ivl_90", 15 0, L_0x7fba0e5a5528;  1 drivers
v0x562359a8cbb0_0 .net *"_ivl_92", 31 0, L_0x562359aa2820;  1 drivers
v0x562359a8cc90_0 .net *"_ivl_94", 31 0, L_0x562359aa2910;  1 drivers
v0x562359a8cd70_0 .net *"_ivl_96", 31 0, L_0x562359aa2ba0;  1 drivers
v0x562359a8ce50_0 .net "alu_control", 3 0, v0x562359a89fe0_0;  1 drivers
v0x562359a8cf60_0 .net "alu_in2", 31 0, L_0x562359a9ffb0;  1 drivers
v0x562359a8d020_0 .net "branch_offset", 31 0, L_0x562359aa0970;  1 drivers
v0x562359a8d0e0_0 .net "branch_taken", 0 0, L_0x562359aa1b10;  1 drivers
v0x562359a8d1a0_0 .net "branch_target", 31 0, L_0x562359aa0ab0;  1 drivers
v0x562359a8d280_0 .net "clock", 0 0, v0x562359a8e2f0_0;  1 drivers
v0x562359a8d320_0 .net "dmem_out", 31 0, L_0x562359aa0550;  1 drivers
v0x562359a8d3e0_0 .net "funct", 5 0, L_0x562359a8e560;  1 drivers
v0x562359a8d480_0 .net "instruction", 31 0, L_0x562359a8ea10;  1 drivers
v0x562359a8d550_0 .net "is_jr", 0 0, L_0x562359aa0900;  1 drivers
v0x562359a8d5f0_0 .net "nextPC", 31 0, L_0x562359aa2460;  1 drivers
v0x562359a8d6e0_0 .net "pc_plus4", 31 0, L_0x562359aa0700;  1 drivers
v0x562359a8d7a0_0 .net "read_data1", 31 0, L_0x562359a9f520;  1 drivers
v0x562359a8d8b0_0 .net "read_data2", 31 0, L_0x562359a9fbe0;  1 drivers
v0x562359a8ddd0_0 .net "reset", 0 0, v0x562359a8e3b0_0;  1 drivers
v0x562359a8dec0_0 .net "shamt", 4 0, L_0x562359a8e470;  1 drivers
v0x562359a8df80_0 .net "sign_ext_out", 31 0, v0x562359a86e10_0;  1 drivers
v0x562359a8e020_0 .net "write_data", 31 0, L_0x562359aa2ce0;  1 drivers
v0x562359a8e0c0_0 .net "write_reg", 4 0, L_0x562359a8ee40;  1 drivers
v0x562359a8e190_0 .net "zero_flag", 0 0, L_0x562359aa0100;  1 drivers
L_0x562359a8e470 .part L_0x562359a8ea10, 6, 5;
L_0x562359a8e560 .part L_0x562359a8ea10, 0, 6;
L_0x562359a8eb10 .part L_0x562359a8ea10, 11, 5;
L_0x562359a8ebb0 .part L_0x562359a8ea10, 16, 5;
L_0x562359a8ec80 .functor MUXZ 5, L_0x562359a8ebb0, L_0x562359a8eb10, v0x562359a858d0_0, C4<>;
L_0x562359a8ee40 .functor MUXZ 5, L_0x562359a8ec80, L_0x7fba0e5a5060, v0x562359a85340_0, C4<>;
L_0x562359a9fd80 .part L_0x562359a8ea10, 21, 5;
L_0x562359a9fe20 .part L_0x562359a8ea10, 16, 5;
L_0x562359a9ff10 .part L_0x562359a8ea10, 0, 16;
L_0x562359a9ffb0 .functor MUXZ 32, L_0x562359a9fbe0, v0x562359a86e10_0, v0x562359a85120_0, C4<>;
L_0x562359aa0700 .arith/sum 32, v0x562359a87b70_0, L_0x7fba0e5a5378;
L_0x562359aa0860 .part v0x562359a86e10_0, 0, 30;
L_0x562359aa0970 .concat [ 2 30 0 0], L_0x7fba0e5a53c0, L_0x562359aa0860;
L_0x562359aa0ab0 .arith/sum 32, L_0x562359aa0700, L_0x562359aa0970;
L_0x562359aa0c70 .part L_0x562359a8ea10, 26, 6;
L_0x562359aa0d10 .reduce/or L_0x562359aa0c70;
L_0x562359aa0e90 .reduce/nor L_0x562359aa0d10;
L_0x562359aa0f80 .part L_0x562359a8ea10, 0, 6;
L_0x562359aa10c0 .cmp/eq 6, L_0x562359aa0f80, L_0x7fba0e5a5408;
L_0x562359aa12a0 .part L_0x562359a8ea10, 26, 6;
L_0x562359aa1020 .cmp/eq 6, L_0x562359aa12a0, L_0x7fba0e5a5450;
L_0x562359aa14e0 .part L_0x562359a8ea10, 26, 6;
L_0x562359aa1750 .cmp/eq 6, L_0x562359aa14e0, L_0x7fba0e5a5498;
L_0x562359aa1c70 .part L_0x562359aa0700, 28, 4;
L_0x562359aa1de0 .part L_0x562359a8ea10, 0, 26;
L_0x562359aa1e80 .concat [ 2 26 4 0], L_0x7fba0e5a54e0, L_0x562359aa1de0, L_0x562359aa1c70;
L_0x562359aa20f0 .functor MUXZ 32, L_0x562359aa0700, L_0x562359aa0ab0, L_0x562359aa1b10, C4<>;
L_0x562359aa21e0 .functor MUXZ 32, L_0x562359aa20f0, L_0x562359aa1e80, v0x562359a85510_0, C4<>;
L_0x562359aa2460 .functor MUXZ 32, L_0x562359aa21e0, L_0x562359a9f520, L_0x562359aa0900, C4<>;
L_0x562359aa2680 .part L_0x562359a8ea10, 0, 16;
L_0x562359aa2820 .concat [ 16 16 0 0], L_0x7fba0e5a5528, L_0x562359aa2680;
L_0x562359aa2910 .functor MUXZ 32, v0x562359a84990_0, L_0x562359aa0550, v0x562359a85810_0, C4<>;
L_0x562359aa2ba0 .functor MUXZ 32, L_0x562359aa2910, L_0x562359aa2820, v0x562359a855d0_0, C4<>;
L_0x562359aa2ce0 .functor MUXZ 32, L_0x562359aa2ba0, L_0x562359aa0700, v0x562359a85340_0, C4<>;
L_0x562359aa2f40 .part L_0x562359a8ea10, 26, 6;
S_0x562359a651f0 .scope module, "alu" "ula" 3 66, 4 3 0, S_0x562359a5d770;
 .timescale -9 -12;
    .port_info 0 /INPUT 32 "In1";
    .port_info 1 /INPUT 32 "In2";
    .port_info 2 /INPUT 5 "shamt";
    .port_info 3 /INPUT 4 "OP";
    .port_info 4 /OUTPUT 32 "result";
    .port_info 5 /OUTPUT 1 "Zero_Flag";
v0x562359a3f6a0_0 .net "In1", 31 0, L_0x562359a9f520;  alias, 1 drivers
v0x562359a52fe0_0 .net "In2", 31 0, L_0x562359a9ffb0;  alias, 1 drivers
v0x562359a53080_0 .net "OP", 3 0, v0x562359a89fe0_0;  alias, 1 drivers
v0x562359a5b190_0 .net "Zero_Flag", 0 0, L_0x562359aa0100;  alias, 1 drivers
L_0x7fba0e5a52e8 .functor BUFT 1, C4<00000000000000000000000000000000>, C4<0>, C4<0>, C4<0>;
v0x562359a84860_0 .net/2u *"_ivl_0", 31 0, L_0x7fba0e5a52e8;  1 drivers
v0x562359a84990_0 .var "result", 31 0;
v0x562359a84a70_0 .net "shamt", 4 0, L_0x562359a8e470;  alias, 1 drivers
E_0x562359a1d970 .event edge, v0x562359a53080_0, v0x562359a3f6a0_0, v0x562359a52fe0_0, v0x562359a84a70_0;
L_0x562359aa0100 .cmp/eq 32, v0x562359a84990_0, L_0x7fba0e5a52e8;
S_0x562359a84c10 .scope module, "ctrl" "control" 3 112, 5 3 0, S_0x562359a5d770;
 .timescale -9 -12;
    .port_info 0 /INPUT 6 "opcode";
    .port_info 1 /INPUT 6 "funct";
    .port_info 2 /OUTPUT 1 "RegDst";
    .port_info 3 /OUTPUT 1 "Jump";
    .port_info 4 /OUTPUT 1 "Branch";
    .port_info 5 /OUTPUT 1 "MemRead";
    .port_info 6 /OUTPUT 1 "MemtoReg";
    .port_info 7 /OUTPUT 2 "ALUOp";
    .port_info 8 /OUTPUT 1 "MemWrite";
    .port_info 9 /OUTPUT 1 "ALUSrc";
    .port_info 10 /OUTPUT 1 "RegWrite";
    .port_info 11 /OUTPUT 1 "Jr";
    .port_info 12 /OUTPUT 1 "ExtOp";
    .port_info 13 /OUTPUT 1 "JalEn";
    .port_info 14 /OUTPUT 1 "LuiEn";
v0x562359a85020_0 .var "ALUOp", 1 0;
v0x562359a85120_0 .var "ALUSrc", 0 0;
v0x562359a851e0_0 .var "Branch", 0 0;
v0x562359a85280_0 .var "ExtOp", 0 0;
v0x562359a85340_0 .var "JalEn", 0 0;
v0x562359a85450_0 .var "Jr", 0 0;
v0x562359a85510_0 .var "Jump", 0 0;
v0x562359a855d0_0 .var "LuiEn", 0 0;
v0x562359a85690_0 .var "MemRead", 0 0;
v0x562359a85750_0 .var "MemWrite", 0 0;
v0x562359a85810_0 .var "MemtoReg", 0 0;
v0x562359a858d0_0 .var "RegDst", 0 0;
v0x562359a85990_0 .var "RegWrite", 0 0;
o0x7fba0e5ee4f8 .functor BUFZ 6, C4<zzzzzz>; HiZ drive
v0x562359a85a50_0 .net "funct", 5 0, o0x7fba0e5ee4f8;  0 drivers
v0x562359a85b30_0 .net "opcode", 5 0, L_0x562359aa2f40;  1 drivers
E_0x562359a1ddb0 .event edge, v0x562359a85b30_0, v0x562359a85a50_0;
S_0x562359a85e70 .scope module, "dmem" "d_mem" 3 76, 6 3 0, S_0x562359a5d770;
 .timescale -9 -12;
    .port_info 0 /INPUT 1 "clock";
    .port_info 1 /INPUT 1 "MemRead";
    .port_info 2 /INPUT 1 "MemWrite";
    .port_info 3 /INPUT 32 "address";
    .port_info 4 /INPUT 32 "WriteData";
    .port_info 5 /OUTPUT 32 "ReadData";
v0x562359a860c0_0 .net "MemRead", 0 0, v0x562359a85690_0;  alias, 1 drivers
v0x562359a86180_0 .net "MemWrite", 0 0, v0x562359a85750_0;  alias, 1 drivers
v0x562359a86220_0 .net "ReadData", 31 0, L_0x562359aa0550;  alias, 1 drivers
v0x562359a862c0_0 .net "WriteData", 31 0, L_0x562359a9fbe0;  alias, 1 drivers
v0x562359a86380_0 .net *"_ivl_0", 31 0, L_0x562359aa0240;  1 drivers
v0x562359a864b0_0 .net *"_ivl_3", 9 0, L_0x562359aa02e0;  1 drivers
v0x562359a86590_0 .net *"_ivl_4", 11 0, L_0x562359aa0410;  1 drivers
L_0x7fba0e5a5330 .functor BUFT 1, C4<00>, C4<0>, C4<0>, C4<0>;
v0x562359a86670_0 .net *"_ivl_7", 1 0, L_0x7fba0e5a5330;  1 drivers
o0x7fba0e5ee948 .functor BUFZ 32, C4<zzzzzzzzzzzzzzzzzzzzzzzzzzzzzzzz>; HiZ drive
; Elide local net with no drivers, v0x562359a86750_0 name=_ivl_8
v0x562359a86830_0 .net "address", 31 0, v0x562359a84990_0;  alias, 1 drivers
v0x562359a868f0_0 .net "clock", 0 0, v0x562359a8e2f0_0;  alias, 1 drivers
v0x562359a86990 .array "mem", 1023 0, 31 0;
E_0x562359a6be70 .event posedge, v0x562359a868f0_0;
L_0x562359aa0240 .array/port v0x562359a86990, L_0x562359aa0410;
L_0x562359aa02e0 .part v0x562359a84990_0, 2, 10;
L_0x562359aa0410 .concat [ 10 2 0 0], L_0x562359aa02e0, L_0x7fba0e5a5330;
L_0x562359aa0550 .functor MUXZ 32, o0x7fba0e5ee948, L_0x562359aa0240, v0x562359a85690_0, C4<>;
S_0x562359a86b10 .scope module, "ext" "sign_extend" 3 47, 7 1 0, S_0x562359a5d770;
 .timescale -9 -12;
    .port_info 0 /INPUT 16 "imm";
    .port_info 1 /INPUT 1 "ExtOp";
    .port_info 2 /OUTPUT 32 "ext_out";
v0x562359a86d50_0 .net "ExtOp", 0 0, v0x562359a85280_0;  alias, 1 drivers
v0x562359a86e10_0 .var "ext_out", 31 0;
v0x562359a86ed0_0 .net "imm", 15 0, L_0x562359a9ff10;  1 drivers
E_0x562359a6b550 .event edge, v0x562359a85280_0, v0x562359a86ed0_0;
S_0x562359a87010 .scope module, "imem" "i_mem" 3 26, 8 3 0, S_0x562359a5d770;
 .timescale -9 -12;
    .port_info 0 /INPUT 32 "address";
    .port_info 1 /OUTPUT 32 "i_out";
L_0x562359a8ea10 .functor BUFZ 32, L_0x562359a8e6e0, C4<00000000000000000000000000000000>, C4<00000000000000000000000000000000>, C4<00000000000000000000000000000000>;
v0x562359a87280_0 .net *"_ivl_0", 31 0, L_0x562359a8e6e0;  1 drivers
v0x562359a87380_0 .net *"_ivl_3", 9 0, L_0x562359a8e7a0;  1 drivers
v0x562359a87460_0 .net *"_ivl_4", 11 0, L_0x562359a8e8d0;  1 drivers
L_0x7fba0e5a5018 .functor BUFT 1, C4<00>, C4<0>, C4<0>, C4<0>;
v0x562359a87520_0 .net *"_ivl_7", 1 0, L_0x7fba0e5a5018;  1 drivers
v0x562359a87600_0 .net "address", 31 0, v0x562359a87b70_0;  alias, 1 drivers
v0x562359a87730_0 .net "i_out", 31 0, L_0x562359a8ea10;  alias, 1 drivers
v0x562359a87810 .array "mem", 1023 0, 31 0;
L_0x562359a8e6e0 .array/port v0x562359a87810, L_0x562359a8e8d0;
L_0x562359a8e7a0 .part v0x562359a87b70_0, 2, 10;
L_0x562359a8e8d0 .concat [ 10 2 0 0], L_0x562359a8e7a0, L_0x7fba0e5a5018;
S_0x562359a87930 .scope module, "pc" "PC" 3 23, 9 1 0, S_0x562359a5d770;
 .timescale -9 -12;
    .port_info 0 /INPUT 1 "clock";
    .port_info 1 /INPUT 1 "reset";
    .port_info 2 /INPUT 32 "nextPC";
    .port_info 3 /OUTPUT 32 "PC";
v0x562359a87b70_0 .var "PC", 31 0;
v0x562359a87c50_0 .net "clock", 0 0, v0x562359a8e2f0_0;  alias, 1 drivers
v0x562359a87d20_0 .net "nextPC", 31 0, L_0x562359aa2460;  alias, 1 drivers
v0x562359a87df0_0 .net "reset", 0 0, v0x562359a8e3b0_0;  alias, 1 drivers
E_0x562359a87b10 .event posedge, v0x562359a87df0_0, v0x562359a868f0_0;
S_0x562359a87f40 .scope module, "regs" "regfile" 3 34, 10 1 0, S_0x562359a5d770;
 .timescale -9 -12;
    .port_info 0 /INPUT 1 "clock";
    .port_info 1 /INPUT 1 "reset";
    .port_info 2 /INPUT 1 "RegWrite";
    .port_info 3 /INPUT 5 "ReadAddr1";
    .port_info 4 /INPUT 5 "ReadAddr2";
    .port_info 5 /INPUT 5 "WriteAddr";
    .port_info 6 /INPUT 32 "WriteData";
    .port_info 7 /OUTPUT 32 "ReadData1";
    .port_info 8 /OUTPUT 32 "ReadData2";
v0x562359a88550_0 .net "ReadAddr1", 4 0, L_0x562359a9fd80;  1 drivers
v0x562359a88650_0 .net "ReadAddr2", 4 0, L_0x562359a9fe20;  1 drivers
v0x562359a88730_0 .net "ReadData1", 31 0, L_0x562359a9f520;  alias, 1 drivers
v0x562359a88800_0 .net "ReadData2", 31 0, L_0x562359a9fbe0;  alias, 1 drivers
v0x562359a888d0_0 .net "RegWrite", 0 0, v0x562359a85990_0;  alias, 1 drivers
v0x562359a889c0_0 .net "WriteAddr", 4 0, L_0x562359a8ee40;  alias, 1 drivers
v0x562359a88a60_0 .net "WriteData", 31 0, L_0x562359aa2ce0;  alias, 1 drivers
v0x562359a88b40_0 .net *"_ivl_0", 31 0, L_0x562359a8f060;  1 drivers
v0x562359a88c20_0 .net *"_ivl_10", 31 0, L_0x562359a9f2f0;  1 drivers
v0x562359a88d00_0 .net *"_ivl_12", 6 0, L_0x562359a9f390;  1 drivers
L_0x7fba0e5a5180 .functor BUFT 1, C4<00>, C4<0>, C4<0>, C4<0>;
v0x562359a88de0_0 .net *"_ivl_15", 1 0, L_0x7fba0e5a5180;  1 drivers
v0x562359a88ec0_0 .net *"_ivl_18", 31 0, L_0x562359a9f6b0;  1 drivers
L_0x7fba0e5a51c8 .functor BUFT 1, C4<000000000000000000000000000>, C4<0>, C4<0>, C4<0>;
v0x562359a88fa0_0 .net *"_ivl_21", 26 0, L_0x7fba0e5a51c8;  1 drivers
L_0x7fba0e5a5210 .functor BUFT 1, C4<00000000000000000000000000000000>, C4<0>, C4<0>, C4<0>;
v0x562359a89080_0 .net/2u *"_ivl_22", 31 0, L_0x7fba0e5a5210;  1 drivers
v0x562359a89160_0 .net *"_ivl_24", 0 0, L_0x562359a9f7e0;  1 drivers
L_0x7fba0e5a5258 .functor BUFT 1, C4<00000000000000000000000000000000>, C4<0>, C4<0>, C4<0>;
v0x562359a89220_0 .net/2u *"_ivl_26", 31 0, L_0x7fba0e5a5258;  1 drivers
v0x562359a89300_0 .net *"_ivl_28", 31 0, L_0x562359a9f9b0;  1 drivers
L_0x7fba0e5a50a8 .functor BUFT 1, C4<000000000000000000000000000>, C4<0>, C4<0>, C4<0>;
v0x562359a893e0_0 .net *"_ivl_3", 26 0, L_0x7fba0e5a50a8;  1 drivers
v0x562359a894c0_0 .net *"_ivl_30", 6 0, L_0x562359a9faa0;  1 drivers
L_0x7fba0e5a52a0 .functor BUFT 1, C4<00>, C4<0>, C4<0>, C4<0>;
v0x562359a895a0_0 .net *"_ivl_33", 1 0, L_0x7fba0e5a52a0;  1 drivers
L_0x7fba0e5a50f0 .functor BUFT 1, C4<00000000000000000000000000000000>, C4<0>, C4<0>, C4<0>;
v0x562359a89680_0 .net/2u *"_ivl_4", 31 0, L_0x7fba0e5a50f0;  1 drivers
v0x562359a89760_0 .net *"_ivl_6", 0 0, L_0x562359a9f160;  1 drivers
L_0x7fba0e5a5138 .functor BUFT 1, C4<00000000000000000000000000000000>, C4<0>, C4<0>, C4<0>;
v0x562359a89820_0 .net/2u *"_ivl_8", 31 0, L_0x7fba0e5a5138;  1 drivers
v0x562359a89900_0 .net "clock", 0 0, v0x562359a8e2f0_0;  alias, 1 drivers
v0x562359a899a0 .array "registers", 31 0, 31 0;
v0x562359a89a60_0 .net "reset", 0 0, v0x562359a8e3b0_0;  alias, 1 drivers
L_0x562359a8f060 .concat [ 5 27 0 0], L_0x562359a9fd80, L_0x7fba0e5a50a8;
L_0x562359a9f160 .cmp/eq 32, L_0x562359a8f060, L_0x7fba0e5a50f0;
L_0x562359a9f2f0 .array/port v0x562359a899a0, L_0x562359a9f390;
L_0x562359a9f390 .concat [ 5 2 0 0], L_0x562359a9fd80, L_0x7fba0e5a5180;
L_0x562359a9f520 .functor MUXZ 32, L_0x562359a9f2f0, L_0x7fba0e5a5138, L_0x562359a9f160, C4<>;
L_0x562359a9f6b0 .concat [ 5 27 0 0], L_0x562359a9fe20, L_0x7fba0e5a51c8;
L_0x562359a9f7e0 .cmp/eq 32, L_0x562359a9f6b0, L_0x7fba0e5a5210;
L_0x562359a9f9b0 .array/port v0x562359a899a0, L_0x562359a9faa0;
L_0x562359a9faa0 .concat [ 5 2 0 0], L_0x562359a9fe20, L_0x7fba0e5a52a0;
L_0x562359a9fbe0 .functor MUXZ 32, L_0x562359a9f9b0, L_0x7fba0e5a5258, L_0x562359a9f7e0, C4<>;
S_0x562359a88250 .scope begin, "$ivl_for_loop0" "$ivl_for_loop0" 10 21, 10 21 0, S_0x562359a87f40;
 .timescale -9 -12;
v0x562359a88450_0 .var/i "i", 31 0;
S_0x562359a89c50 .scope module, "uctrl" "ula_ctrl" 3 58, 11 3 0, S_0x562359a5d770;
 .timescale -9 -12;
    .port_info 0 /INPUT 2 "ALUOp";
    .port_info 1 /INPUT 6 "funct";
    .port_info 2 /OUTPUT 4 "OP_ula";
v0x562359a89ed0_0 .net "ALUOp", 1 0, v0x562359a85020_0;  alias, 1 drivers
v0x562359a89fe0_0 .var "OP_ula", 3 0;
v0x562359a8a0b0_0 .net "funct", 5 0, L_0x562359a8e560;  alias, 1 drivers
E_0x562359a89e50 .event edge, v0x562359a85020_0, v0x562359a8a0b0_0;
    .scope S_0x562359a87930;
T_0 ;
    %wait E_0x562359a87b10;
    %load/vec4 v0x562359a87df0_0;
    %flag_set/vec4 8;
    %jmp/0xz  T_0.0, 8;
    %pushi/vec4 0, 0, 32;
    %assign/vec4 v0x562359a87b70_0, 0;
    %jmp T_0.1;
T_0.0 ;
    %load/vec4 v0x562359a87d20_0;
    %assign/vec4 v0x562359a87b70_0, 0;
T_0.1 ;
    %jmp T_0;
    .thread T_0;
    .scope S_0x562359a87010;
T_1 ;
    %vpi_call 8 9 "$readmemb", "sim/mem.list", v0x562359a87810 {0 0 0};
    %end;
    .thread T_1;
    .scope S_0x562359a87f40;
T_2 ;
    %wait E_0x562359a87b10;
    %load/vec4 v0x562359a89a60_0;
    %flag_set/vec4 8;
    %jmp/0xz  T_2.0, 8;
    %fork t_1, S_0x562359a88250;
    %jmp t_0;
    .scope S_0x562359a88250;
t_1 ;
    %pushi/vec4 0, 0, 32;
    %store/vec4 v0x562359a88450_0, 0, 32;
T_2.2 ;
    %load/vec4 v0x562359a88450_0;
    %cmpi/s 32, 0, 32;
    %jmp/0xz T_2.3, 5;
    %pushi/vec4 0, 0, 32;
    %ix/getv/s 3, v0x562359a88450_0;
    %ix/load 4, 0, 0; Constant delay
    %assign/vec4/a/d v0x562359a899a0, 0, 4;
    ; show_stmt_assign_vector: Get l-value for compressed += operand
    %load/vec4 v0x562359a88450_0;
    %pushi/vec4 1, 0, 32;
    %add;
    %store/vec4 v0x562359a88450_0, 0, 32;
    %jmp T_2.2;
T_2.3 ;
    %end;
    .scope S_0x562359a87f40;
t_0 %join;
    %jmp T_2.1;
T_2.0 ;
    %load/vec4 v0x562359a888d0_0;
    %load/vec4 v0x562359a889c0_0;
    %pad/u 32;
    %pushi/vec4 0, 0, 32;
    %cmp/ne;
    %flag_get/vec4 4;
    %and;
    %flag_set/vec4 8;
    %jmp/0xz  T_2.4, 8;
    %load/vec4 v0x562359a88a60_0;
    %load/vec4 v0x562359a889c0_0;
    %pad/u 7;
    %ix/vec4 3;
    %ix/load 4, 0, 0; Constant delay
    %assign/vec4/a/d v0x562359a899a0, 0, 4;
T_2.4 ;
T_2.1 ;
    %jmp T_2;
    .thread T_2;
    .scope S_0x562359a86b10;
T_3 ;
    %wait E_0x562359a6b550;
    %load/vec4 v0x562359a86d50_0;
    %flag_set/vec4 8;
    %jmp/0xz  T_3.0, 8;
    %load/vec4 v0x562359a86ed0_0;
    %parti/s 1, 15, 5;
    %replicate 16;
    %load/vec4 v0x562359a86ed0_0;
    %concat/vec4; draw_concat_vec4
    %store/vec4 v0x562359a86e10_0, 0, 32;
    %jmp T_3.1;
T_3.0 ;
    %pushi/vec4 0, 0, 16;
    %load/vec4 v0x562359a86ed0_0;
    %concat/vec4; draw_concat_vec4
    %store/vec4 v0x562359a86e10_0, 0, 32;
T_3.1 ;
    %jmp T_3;
    .thread T_3, $push;
    .scope S_0x562359a89c50;
T_4 ;
    %wait E_0x562359a89e50;
    %load/vec4 v0x562359a89ed0_0;
    %dup/vec4;
    %pushi/vec4 0, 0, 2;
    %cmp/u;
    %jmp/1 T_4.0, 6;
    %dup/vec4;
    %pushi/vec4 1, 0, 2;
    %cmp/u;
    %jmp/1 T_4.1, 6;
    %dup/vec4;
    %pushi/vec4 2, 0, 2;
    %cmp/u;
    %jmp/1 T_4.2, 6;
    %pushi/vec4 2, 0, 4;
    %store/vec4 v0x562359a89fe0_0, 0, 4;
    %jmp T_4.4;
T_4.0 ;
    %pushi/vec4 2, 0, 4;
    %store/vec4 v0x562359a89fe0_0, 0, 4;
    %jmp T_4.4;
T_4.1 ;
    %pushi/vec4 3, 0, 4;
    %store/vec4 v0x562359a89fe0_0, 0, 4;
    %jmp T_4.4;
T_4.2 ;
    %load/vec4 v0x562359a8a0b0_0;
    %dup/vec4;
    %pushi/vec4 32, 0, 6;
    %cmp/u;
    %jmp/1 T_4.5, 6;
    %dup/vec4;
    %pushi/vec4 34, 0, 6;
    %cmp/u;
    %jmp/1 T_4.6, 6;
    %dup/vec4;
    %pushi/vec4 36, 0, 6;
    %cmp/u;
    %jmp/1 T_4.7, 6;
    %dup/vec4;
    %pushi/vec4 37, 0, 6;
    %cmp/u;
    %jmp/1 T_4.8, 6;
    %dup/vec4;
    %pushi/vec4 38, 0, 6;
    %cmp/u;
    %jmp/1 T_4.9, 6;
    %dup/vec4;
    %pushi/vec4 39, 0, 6;
    %cmp/u;
    %jmp/1 T_4.10, 6;
    %dup/vec4;
    %pushi/vec4 42, 0, 6;
    %cmp/u;
    %jmp/1 T_4.11, 6;
    %dup/vec4;
    %pushi/vec4 43, 0, 6;
    %cmp/u;
    %jmp/1 T_4.12, 6;
    %dup/vec4;
    %pushi/vec4 0, 0, 6;
    %cmp/u;
    %jmp/1 T_4.13, 6;
    %dup/vec4;
    %pushi/vec4 2, 0, 6;
    %cmp/u;
    %jmp/1 T_4.14, 6;
    %dup/vec4;
    %pushi/vec4 3, 0, 6;
    %cmp/u;
    %jmp/1 T_4.15, 6;
    %dup/vec4;
    %pushi/vec4 4, 0, 6;
    %cmp/u;
    %jmp/1 T_4.16, 6;
    %dup/vec4;
    %pushi/vec4 6, 0, 6;
    %cmp/u;
    %jmp/1 T_4.17, 6;
    %dup/vec4;
    %pushi/vec4 7, 0, 6;
    %cmp/u;
    %jmp/1 T_4.18, 6;
    %dup/vec4;
    %pushi/vec4 8, 0, 6;
    %cmp/u;
    %jmp/1 T_4.19, 6;
    %pushi/vec4 2, 0, 4;
    %store/vec4 v0x562359a89fe0_0, 0, 4;
    %jmp T_4.21;
T_4.5 ;
    %pushi/vec4 2, 0, 4;
    %store/vec4 v0x562359a89fe0_0, 0, 4;
    %jmp T_4.21;
T_4.6 ;
    %pushi/vec4 3, 0, 4;
    %store/vec4 v0x562359a89fe0_0, 0, 4;
    %jmp T_4.21;
T_4.7 ;
    %pushi/vec4 4, 0, 4;
    %store/vec4 v0x562359a89fe0_0, 0, 4;
    %jmp T_4.21;
T_4.8 ;
    %pushi/vec4 1, 0, 4;
    %store/vec4 v0x562359a89fe0_0, 0, 4;
    %jmp T_4.21;
T_4.9 ;
    %pushi/vec4 5, 0, 4;
    %store/vec4 v0x562359a89fe0_0, 0, 4;
    %jmp T_4.21;
T_4.10 ;
    %pushi/vec4 6, 0, 4;
    %store/vec4 v0x562359a89fe0_0, 0, 4;
    %jmp T_4.21;
T_4.11 ;
    %pushi/vec4 7, 0, 4;
    %store/vec4 v0x562359a89fe0_0, 0, 4;
    %jmp T_4.21;
T_4.12 ;
    %pushi/vec4 11, 0, 4;
    %store/vec4 v0x562359a89fe0_0, 0, 4;
    %jmp T_4.21;
T_4.13 ;
    %pushi/vec4 8, 0, 4;
    %store/vec4 v0x562359a89fe0_0, 0, 4;
    %jmp T_4.21;
T_4.14 ;
    %pushi/vec4 9, 0, 4;
    %store/vec4 v0x562359a89fe0_0, 0, 4;
    %jmp T_4.21;
T_4.15 ;
    %pushi/vec4 10, 0, 4;
    %store/vec4 v0x562359a89fe0_0, 0, 4;
    %jmp T_4.21;
T_4.16 ;
    %pushi/vec4 12, 0, 4;
    %store/vec4 v0x562359a89fe0_0, 0, 4;
    %jmp T_4.21;
T_4.17 ;
    %pushi/vec4 13, 0, 4;
    %store/vec4 v0x562359a89fe0_0, 0, 4;
    %jmp T_4.21;
T_4.18 ;
    %pushi/vec4 14, 0, 4;
    %store/vec4 v0x562359a89fe0_0, 0, 4;
    %jmp T_4.21;
T_4.19 ;
    %pushi/vec4 0, 0, 4;
    %store/vec4 v0x562359a89fe0_0, 0, 4;
    %jmp T_4.21;
T_4.21 ;
    %pop/vec4 1;
    %jmp T_4.4;
T_4.4 ;
    %pop/vec4 1;
    %jmp T_4;
    .thread T_4, $push;
    .scope S_0x562359a651f0;
T_5 ;
    %wait E_0x562359a1d970;
    %load/vec4 v0x562359a53080_0;
    %dup/vec4;
    %pushi/vec4 2, 0, 4;
    %cmp/u;
    %jmp/1 T_5.0, 6;
    %dup/vec4;
    %pushi/vec4 3, 0, 4;
    %cmp/u;
    %jmp/1 T_5.1, 6;
    %dup/vec4;
    %pushi/vec4 4, 0, 4;
    %cmp/u;
    %jmp/1 T_5.2, 6;
    %dup/vec4;
    %pushi/vec4 1, 0, 4;
    %cmp/u;
    %jmp/1 T_5.3, 6;
    %dup/vec4;
    %pushi/vec4 5, 0, 4;
    %cmp/u;
    %jmp/1 T_5.4, 6;
    %dup/vec4;
    %pushi/vec4 6, 0, 4;
    %cmp/u;
    %jmp/1 T_5.5, 6;
    %dup/vec4;
    %pushi/vec4 7, 0, 4;
    %cmp/u;
    %jmp/1 T_5.6, 6;
    %dup/vec4;
    %pushi/vec4 11, 0, 4;
    %cmp/u;
    %jmp/1 T_5.7, 6;
    %dup/vec4;
    %pushi/vec4 8, 0, 4;
    %cmp/u;
    %jmp/1 T_5.8, 6;
    %dup/vec4;
    %pushi/vec4 9, 0, 4;
    %cmp/u;
    %jmp/1 T_5.9, 6;
    %dup/vec4;
    %pushi/vec4 10, 0, 4;
    %cmp/u;
    %jmp/1 T_5.10, 6;
    %dup/vec4;
    %pushi/vec4 12, 0, 4;
    %cmp/u;
    %jmp/1 T_5.11, 6;
    %dup/vec4;
    %pushi/vec4 13, 0, 4;
    %cmp/u;
    %jmp/1 T_5.12, 6;
    %dup/vec4;
    %pushi/vec4 14, 0, 4;
    %cmp/u;
    %jmp/1 T_5.13, 6;
    %dup/vec4;
    %pushi/vec4 0, 0, 4;
    %cmp/u;
    %jmp/1 T_5.14, 6;
    %pushi/vec4 0, 0, 32;
    %store/vec4 v0x562359a84990_0, 0, 32;
    %jmp T_5.16;
T_5.0 ;
    %load/vec4 v0x562359a3f6a0_0;
    %load/vec4 v0x562359a52fe0_0;
    %add;
    %store/vec4 v0x562359a84990_0, 0, 32;
    %jmp T_5.16;
T_5.1 ;
    %load/vec4 v0x562359a3f6a0_0;
    %load/vec4 v0x562359a52fe0_0;
    %sub;
    %store/vec4 v0x562359a84990_0, 0, 32;
    %jmp T_5.16;
T_5.2 ;
    %load/vec4 v0x562359a3f6a0_0;
    %load/vec4 v0x562359a52fe0_0;
    %and;
    %store/vec4 v0x562359a84990_0, 0, 32;
    %jmp T_5.16;
T_5.3 ;
    %load/vec4 v0x562359a3f6a0_0;
    %load/vec4 v0x562359a52fe0_0;
    %or;
    %store/vec4 v0x562359a84990_0, 0, 32;
    %jmp T_5.16;
T_5.4 ;
    %load/vec4 v0x562359a3f6a0_0;
    %load/vec4 v0x562359a52fe0_0;
    %xor;
    %store/vec4 v0x562359a84990_0, 0, 32;
    %jmp T_5.16;
T_5.5 ;
    %load/vec4 v0x562359a3f6a0_0;
    %load/vec4 v0x562359a52fe0_0;
    %or;
    %inv;
    %store/vec4 v0x562359a84990_0, 0, 32;
    %jmp T_5.16;
T_5.6 ;
    %load/vec4 v0x562359a3f6a0_0;
    %load/vec4 v0x562359a52fe0_0;
    %cmp/s;
    %flag_mov 8, 5;
    %jmp/0 T_5.17, 8;
    %pushi/vec4 1, 0, 32;
    %jmp/1 T_5.18, 8;
T_5.17 ; End of true expr.
    %pushi/vec4 0, 0, 32;
    %jmp/0 T_5.18, 8;
 ; End of false expr.
    %blend;
T_5.18;
    %store/vec4 v0x562359a84990_0, 0, 32;
    %jmp T_5.16;
T_5.7 ;
    %load/vec4 v0x562359a3f6a0_0;
    %load/vec4 v0x562359a52fe0_0;
    %cmp/u;
    %flag_mov 8, 5;
    %jmp/0 T_5.19, 8;
    %pushi/vec4 1, 0, 32;
    %jmp/1 T_5.20, 8;
T_5.19 ; End of true expr.
    %pushi/vec4 0, 0, 32;
    %jmp/0 T_5.20, 8;
 ; End of false expr.
    %blend;
T_5.20;
    %store/vec4 v0x562359a84990_0, 0, 32;
    %jmp T_5.16;
T_5.8 ;
    %load/vec4 v0x562359a52fe0_0;
    %ix/getv 4, v0x562359a84a70_0;
    %shiftl 4;
    %store/vec4 v0x562359a84990_0, 0, 32;
    %jmp T_5.16;
T_5.9 ;
    %load/vec4 v0x562359a52fe0_0;
    %ix/getv 4, v0x562359a84a70_0;
    %shiftr 4;
    %store/vec4 v0x562359a84990_0, 0, 32;
    %jmp T_5.16;
T_5.10 ;
    %load/vec4 v0x562359a52fe0_0;
    %ix/getv 4, v0x562359a84a70_0;
    %shiftr/s 4;
    %store/vec4 v0x562359a84990_0, 0, 32;
    %jmp T_5.16;
T_5.11 ;
    %load/vec4 v0x562359a52fe0_0;
    %load/vec4 v0x562359a3f6a0_0;
    %parti/s 5, 0, 2;
    %ix/vec4 4;
    %shiftl 4;
    %store/vec4 v0x562359a84990_0, 0, 32;
    %jmp T_5.16;
T_5.12 ;
    %load/vec4 v0x562359a52fe0_0;
    %load/vec4 v0x562359a3f6a0_0;
    %parti/s 5, 0, 2;
    %ix/vec4 4;
    %shiftr 4;
    %store/vec4 v0x562359a84990_0, 0, 32;
    %jmp T_5.16;
T_5.13 ;
    %load/vec4 v0x562359a52fe0_0;
    %load/vec4 v0x562359a3f6a0_0;
    %parti/s 5, 0, 2;
    %ix/vec4 4;
    %shiftr/s 4;
    %store/vec4 v0x562359a84990_0, 0, 32;
    %jmp T_5.16;
T_5.14 ;
    %load/vec4 v0x562359a3f6a0_0;
    %store/vec4 v0x562359a84990_0, 0, 32;
    %jmp T_5.16;
T_5.16 ;
    %pop/vec4 1;
    %jmp T_5;
    .thread T_5, $push;
    .scope S_0x562359a85e70;
T_6 ;
    %wait E_0x562359a6be70;
    %load/vec4 v0x562359a86180_0;
    %flag_set/vec4 8;
    %jmp/0xz  T_6.0, 8;
    %load/vec4 v0x562359a862c0_0;
    %load/vec4 v0x562359a86830_0;
    %parti/s 10, 2, 3;
    %pad/u 12;
    %ix/vec4 3;
    %ix/load 4, 0, 0; Constant delay
    %assign/vec4/a/d v0x562359a86990, 0, 4;
T_6.0 ;
    %jmp T_6;
    .thread T_6;
    .scope S_0x562359a84c10;
T_7 ;
    %wait E_0x562359a1ddb0;
    %pushi/vec4 0, 0, 1;
    %store/vec4 v0x562359a858d0_0, 0, 1;
    %pushi/vec4 0, 0, 1;
    %store/vec4 v0x562359a85510_0, 0, 1;
    %pushi/vec4 0, 0, 1;
    %store/vec4 v0x562359a851e0_0, 0, 1;
    %pushi/vec4 0, 0, 1;
    %store/vec4 v0x562359a85690_0, 0, 1;
    %pushi/vec4 0, 0, 1;
    %store/vec4 v0x562359a85810_0, 0, 1;
    %pushi/vec4 0, 0, 2;
    %store/vec4 v0x562359a85020_0, 0, 2;
    %pushi/vec4 0, 0, 1;
    %store/vec4 v0x562359a85750_0, 0, 1;
    %pushi/vec4 0, 0, 1;
    %store/vec4 v0x562359a85120_0, 0, 1;
    %pushi/vec4 0, 0, 1;
    %store/vec4 v0x562359a85990_0, 0, 1;
    %pushi/vec4 0, 0, 1;
    %store/vec4 v0x562359a85450_0, 0, 1;
    %pushi/vec4 1, 0, 1;
    %store/vec4 v0x562359a85280_0, 0, 1;
    %pushi/vec4 0, 0, 1;
    %store/vec4 v0x562359a85340_0, 0, 1;
    %pushi/vec4 0, 0, 1;
    %store/vec4 v0x562359a855d0_0, 0, 1;
    %load/vec4 v0x562359a85b30_0;
    %dup/vec4;
    %pushi/vec4 0, 0, 6;
    %cmp/u;
    %jmp/1 T_7.0, 6;
    %dup/vec4;
    %pushi/vec4 8, 0, 6;
    %cmp/u;
    %jmp/1 T_7.1, 6;
    %dup/vec4;
    %pushi/vec4 12, 0, 6;
    %cmp/u;
    %jmp/1 T_7.2, 6;
    %dup/vec4;
    %pushi/vec4 13, 0, 6;
    %cmp/u;
    %jmp/1 T_7.3, 6;
    %dup/vec4;
    %pushi/vec4 14, 0, 6;
    %cmp/u;
    %jmp/1 T_7.4, 6;
    %dup/vec4;
    %pushi/vec4 4, 0, 6;
    %cmp/u;
    %jmp/1 T_7.5, 6;
    %dup/vec4;
    %pushi/vec4 5, 0, 6;
    %cmp/u;
    %jmp/1 T_7.6, 6;
    %dup/vec4;
    %pushi/vec4 10, 0, 6;
    %cmp/u;
    %jmp/1 T_7.7, 6;
    %dup/vec4;
    %pushi/vec4 11, 0, 6;
    %cmp/u;
    %jmp/1 T_7.8, 6;
    %dup/vec4;
    %pushi/vec4 15, 0, 6;
    %cmp/u;
    %jmp/1 T_7.9, 6;
    %dup/vec4;
    %pushi/vec4 35, 0, 6;
    %cmp/u;
    %jmp/1 T_7.10, 6;
    %dup/vec4;
    %pushi/vec4 43, 0, 6;
    %cmp/u;
    %jmp/1 T_7.11, 6;
    %dup/vec4;
    %pushi/vec4 2, 0, 6;
    %cmp/u;
    %jmp/1 T_7.12, 6;
    %dup/vec4;
    %pushi/vec4 3, 0, 6;
    %cmp/u;
    %jmp/1 T_7.13, 6;
    %jmp T_7.15;
T_7.0 ;
    %pushi/vec4 1, 0, 1;
    %store/vec4 v0x562359a858d0_0, 0, 1;
    %pushi/vec4 1, 0, 1;
    %store/vec4 v0x562359a85990_0, 0, 1;
    %pushi/vec4 2, 0, 2;
    %store/vec4 v0x562359a85020_0, 0, 2;
    %load/vec4 v0x562359a85a50_0;
    %cmpi/e 8, 0, 6;
    %flag_mov 8, 4;
    %jmp/0 T_7.16, 8;
    %pushi/vec4 1, 0, 2;
    %jmp/1 T_7.17, 8;
T_7.16 ; End of true expr.
    %pushi/vec4 0, 0, 2;
    %jmp/0 T_7.17, 8;
 ; End of false expr.
    %blend;
T_7.17;
    %pad/s 1;
    %store/vec4 v0x562359a85450_0, 0, 1;
    %jmp T_7.15;
T_7.1 ;
    %pushi/vec4 1, 0, 1;
    %store/vec4 v0x562359a85120_0, 0, 1;
    %pushi/vec4 1, 0, 1;
    %store/vec4 v0x562359a85990_0, 0, 1;
    %jmp T_7.15;
T_7.2 ;
    %pushi/vec4 1, 0, 1;
    %store/vec4 v0x562359a85120_0, 0, 1;
    %pushi/vec4 1, 0, 1;
    %store/vec4 v0x562359a85990_0, 0, 1;
    %pushi/vec4 0, 0, 1;
    %store/vec4 v0x562359a85280_0, 0, 1;
    %pushi/vec4 3, 0, 2;
    %store/vec4 v0x562359a85020_0, 0, 2;
    %jmp T_7.15;
T_7.3 ;
    %pushi/vec4 1, 0, 1;
    %store/vec4 v0x562359a85120_0, 0, 1;
    %pushi/vec4 1, 0, 1;
    %store/vec4 v0x562359a85990_0, 0, 1;
    %pushi/vec4 0, 0, 1;
    %store/vec4 v0x562359a85280_0, 0, 1;
    %pushi/vec4 3, 0, 2;
    %store/vec4 v0x562359a85020_0, 0, 2;
    %jmp T_7.15;
T_7.4 ;
    %pushi/vec4 1, 0, 1;
    %store/vec4 v0x562359a85120_0, 0, 1;
    %pushi/vec4 1, 0, 1;
    %store/vec4 v0x562359a85990_0, 0, 1;
    %pushi/vec4 0, 0, 1;
    %store/vec4 v0x562359a85280_0, 0, 1;
    %pushi/vec4 3, 0, 2;
    %store/vec4 v0x562359a85020_0, 0, 2;
    %jmp T_7.15;
T_7.5 ;
    %pushi/vec4 1, 0, 1;
    %store/vec4 v0x562359a851e0_0, 0, 1;
    %pushi/vec4 1, 0, 2;
    %store/vec4 v0x562359a85020_0, 0, 2;
    %jmp T_7.15;
T_7.6 ;
    %pushi/vec4 1, 0, 1;
    %store/vec4 v0x562359a851e0_0, 0, 1;
    %pushi/vec4 1, 0, 2;
    %store/vec4 v0x562359a85020_0, 0, 2;
    %jmp T_7.15;
T_7.7 ;
    %pushi/vec4 1, 0, 1;
    %store/vec4 v0x562359a85120_0, 0, 1;
    %pushi/vec4 0, 0, 1;
    %store/vec4 v0x562359a858d0_0, 0, 1;
    %pushi/vec4 1, 0, 1;
    %store/vec4 v0x562359a85990_0, 0, 1;
    %pushi/vec4 0, 0, 1;
    %store/vec4 v0x562359a85810_0, 0, 1;
    %pushi/vec4 0, 0, 1;
    %store/vec4 v0x562359a85690_0, 0, 1;
    %pushi/vec4 0, 0, 1;
    %store/vec4 v0x562359a85750_0, 0, 1;
    %pushi/vec4 0, 0, 1;
    %store/vec4 v0x562359a851e0_0, 0, 1;
    %pushi/vec4 0, 0, 1;
    %store/vec4 v0x562359a85510_0, 0, 1;
    %pushi/vec4 2, 0, 2;
    %store/vec4 v0x562359a85020_0, 0, 2;
    %jmp T_7.15;
T_7.8 ;
    %pushi/vec4 1, 0, 1;
    %store/vec4 v0x562359a85120_0, 0, 1;
    %pushi/vec4 0, 0, 1;
    %store/vec4 v0x562359a858d0_0, 0, 1;
    %pushi/vec4 1, 0, 1;
    %store/vec4 v0x562359a85990_0, 0, 1;
    %pushi/vec4 0, 0, 1;
    %store/vec4 v0x562359a85810_0, 0, 1;
    %pushi/vec4 0, 0, 1;
    %store/vec4 v0x562359a85690_0, 0, 1;
    %pushi/vec4 0, 0, 1;
    %store/vec4 v0x562359a85750_0, 0, 1;
    %pushi/vec4 0, 0, 1;
    %store/vec4 v0x562359a851e0_0, 0, 1;
    %pushi/vec4 0, 0, 1;
    %store/vec4 v0x562359a85510_0, 0, 1;
    %pushi/vec4 3, 0, 2;
    %store/vec4 v0x562359a85020_0, 0, 2;
    %jmp T_7.15;
T_7.9 ;
    %pushi/vec4 1, 0, 1;
    %store/vec4 v0x562359a85120_0, 0, 1;
    %pushi/vec4 1, 0, 1;
    %store/vec4 v0x562359a85990_0, 0, 1;
    %pushi/vec4 1, 0, 1;
    %store/vec4 v0x562359a855d0_0, 0, 1;
    %jmp T_7.15;
T_7.10 ;
    %pushi/vec4 1, 0, 1;
    %store/vec4 v0x562359a85120_0, 0, 1;
    %pushi/vec4 1, 0, 1;
    %store/vec4 v0x562359a85810_0, 0, 1;
    %pushi/vec4 1, 0, 1;
    %store/vec4 v0x562359a85990_0, 0, 1;
    %pushi/vec4 1, 0, 1;
    %store/vec4 v0x562359a85690_0, 0, 1;
    %jmp T_7.15;
T_7.11 ;
    %pushi/vec4 1, 0, 1;
    %store/vec4 v0x562359a85120_0, 0, 1;
    %pushi/vec4 1, 0, 1;
    %store/vec4 v0x562359a85750_0, 0, 1;
    %jmp T_7.15;
T_7.12 ;
    %pushi/vec4 1, 0, 1;
    %store/vec4 v0x562359a85510_0, 0, 1;
    %jmp T_7.15;
T_7.13 ;
    %pushi/vec4 1, 0, 1;
    %store/vec4 v0x562359a85510_0, 0, 1;
    %pushi/vec4 1, 0, 1;
    %store/vec4 v0x562359a85990_0, 0, 1;
    %pushi/vec4 1, 0, 1;
    %store/vec4 v0x562359a85340_0, 0, 1;
    %jmp T_7.15;
T_7.15 ;
    %pop/vec4 1;
    %jmp T_7;
    .thread T_7, $push;
    .scope S_0x562359a143a0;
T_8 ;
    %delay 5000, 0;
    %load/vec4 v0x562359a8e2f0_0;
    %inv;
    %store/vec4 v0x562359a8e2f0_0, 0, 1;
    %jmp T_8;
    .thread T_8;
    .scope S_0x562359a143a0;
T_9 ;
    %vpi_call 2 17 "$dumpfile", "sim/waves.vcd" {0 0 0};
    %vpi_call 2 18 "$dumpvars", 32'sb00000000000000000000000000000000, S_0x562359a143a0 {0 0 0};
    %pushi/vec4 0, 0, 1;
    %store/vec4 v0x562359a8e2f0_0, 0, 1;
    %pushi/vec4 1, 0, 1;
    %store/vec4 v0x562359a8e3b0_0, 0, 1;
    %delay 10000, 0;
    %pushi/vec4 0, 0, 1;
    %store/vec4 v0x562359a8e3b0_0, 0, 1;
    %delay 1000000, 0;
    %vpi_call 2 25 "$finish" {0 0 0};
    %end;
    .thread T_9;
# The file index is used to find the file name in the following table.
:file_names 12;
    "N/A";
    "<interactive>";
    "sim/test.v";
    "src/mips.v";
    "src/ula.v";
    "src/control.v";
    "src/d_mem.v";
    "src/sign_extend.v";
    "src/i_mem.v";
    "src/pc.v";
    "src/regfile.v";
    "src/ula_ctrl.v";
